This is pdfTeX, Version 3.14159265-2.6-1.40.16 (Web2C 2015) (preloaded format=pdflatex 2015.6.17)  7 OCT 2015 15:28
entering extended mode
 restricted \write18 enabled.
 %&-line parsing enabled.
**Diff.tex
(./Diff.tex
LaTeX2e <2015/01/01>
Babel <v3.8l> and hyphenation patterns for english, dumylang, nohyphenation, uk
rainian, turkish, swedish, spanish, slovenian, slovak, serbian, russian, romani
an, portuguese, polish, bokmal, nynorsk, latin, italian, irish, indonesian, ice
landic, hungarian, monogreek, greek, german, ngerman, french, finnish, estonian
, esperanto, dutch, danish, czech, croatian, catalan, bulgarian, basque, loaded
.
(/usr/pkg/share/texmf-dist/tex/latex/base/report.cls
Document Class: report 2014/09/29 v1.4h Standard LaTeX document class
(/usr/pkg/share/texmf-dist/tex/latex/base/size11.clo
File: size11.clo 2014/09/29 v1.4h Standard LaTeX file (size option)
)
\c@part=\count79
\c@chapter=\count80
\c@section=\count81
\c@subsection=\count82
\c@subsubsection=\count83
\c@paragraph=\count84
\c@subparagraph=\count85
\c@figure=\count86
\c@table=\count87
\abovecaptionskip=\skip41
\belowcaptionskip=\skip42
\bibindent=\dimen102
)
(/usr/pkg/share/texmf-dist/tex/latex/float/float.sty
Package: float 2001/11/08 v1.3d Float enhancements (AL)
\c@float@type=\count88
\float@exts=\toks14
\float@box=\box26
\@float@everytoks=\toks15
\@floatcapt=\box27
)
(/usr/pkg/share/texmf-dist/tex/latex/listings/listings.sty
(/usr/pkg/share/texmf-dist/tex/latex/graphics/keyval.sty
Package: keyval 2014/10/28 v1.15 key=value parser (DPC)
\KV@toks@=\toks16
)
\lst@mode=\count89
\lst@gtempboxa=\box28
\lst@token=\toks17
\lst@length=\count90
\lst@currlwidth=\dimen103
\lst@column=\count91
\lst@pos=\count92
\lst@lostspace=\dimen104
\lst@width=\dimen105
\lst@newlines=\count93
\lst@lineno=\count94
\lst@maxwidth=\dimen106

(/usr/pkg/share/texmf-dist/tex/latex/listings/lstmisc.sty
File: lstmisc.sty 2015/06/04 1.6 (Carsten Heinz)
\c@lstnumber=\count95
\lst@skipnumbers=\count96
\lst@framebox=\box29
)
(/usr/pkg/share/texmf-dist/tex/latex/listings/listings.cfg
File: listings.cfg 2015/06/04 1.6 listings configuration
))
Package: listings 2015/06/04 1.6 (Carsten Heinz)

(/usr/pkg/share/texmf-dist/tex/latex/graphics/color.sty
Package: color 2014/10/28 v1.1a Standard LaTeX Color (DPC)

(/usr/pkg/share/texmf-dist/tex/latex/latexconfig/color.cfg
File: color.cfg 2007/01/18 v1.5 color configuration of teTeX/TeXLive
)
Package color Info: Driver file: pdftex.def on input line 142.

(/usr/pkg/share/texmf-dist/tex/latex/pdftex-def/pdftex.def
File: pdftex.def 2011/05/27 v0.06d Graphics/color for pdfTeX

(/usr/pkg/share/texmf-dist/tex/generic/oberdiek/infwarerr.sty
Package: infwarerr 2010/04/08 v1.3 Providing info/warning/error messages (HO)
)
(/usr/pkg/share/texmf-dist/tex/generic/oberdiek/ltxcmds.sty
Package: ltxcmds 2011/11/09 v1.22 LaTeX kernel commands for general use (HO)
)
\Gread@gobject=\count97
))
(/usr/pkg/share/texmf-dist/tex/latex/appendix/appendix.sty
Package: appendix 2009/09/02 v1.2b extra appendix facilities
\c@@pps=\count98
\c@@ppsavesec=\count99
\c@@ppsaveapp=\count100
)
(/usr/pkg/share/texmf-dist/tex/latex/ntheorem/ntheorem.sty
Style `ntheorem', Version 1.33 <2011/08/15>
Package: ntheorem 2011/08/15 1.33
(/usr/pkg/share/texmf-dist/tex/latex/base/ifthen.sty
Package: ifthen 2014/09/29 v1.1c Standard LaTeX ifthen package (DPC)
)
\theorem@style=\toks18
\theorem@@style=\toks19
\theorembodyfont=\toks20
\theoremnumbering=\toks21
\theorempreskipamount=\skip43
\theorempostskipamount=\skip44
\theoremframepreskipamount=\skip45
\theoremframepostskipamount=\skip46
\theoreminframepreskipamount=\skip47
\theoreminframepostskipamount=\skip48
\theorem@preskip=\toks22
\theorem@postskip=\toks23
\theorem@framepreskip=\toks24
\theorem@framepostskip=\toks25
\theorem@inframepreskip=\toks26
\theorem@inframepostskip=\toks27
\theoremindent=\dimen107
\theorem@indent=\dimen108
\theoremrightindent=\dimen109
\theorem@rightindent=\dimen110
\theoremheaderfont=\toks28
\theoremseparator=\toks29
\theoremprework=\toks30
\theorempostwork=\toks31
\theoremsymbol=\toks32
\qedsymbol=\toks33
\theoremkeyword=\toks34
\qedsymbol=\toks35
\thm@topsep=\skip49
\thm@topsepadd=\skip50
)
\c@hyp=\count101
\c@subhyp=\count102

(/usr/pkg/share/texmf-dist/tex/latex/url/url.sty
\Urlmuskip=\muskip10
Package: url 2013/09/16  ver 3.4  Verb mode for urls, etc.
)
(/usr/pkg/share/texmf-dist/tex/latex/amsmath/amsmath.sty
Package: amsmath 2013/01/14 v2.14 AMS math features
\@mathmargin=\skip51

For additional information on amsmath, use the `?' option.
(/usr/pkg/share/texmf-dist/tex/latex/amsmath/amstext.sty
Package: amstext 2000/06/29 v2.01

(/usr/pkg/share/texmf-dist/tex/latex/amsmath/amsgen.sty
File: amsgen.sty 1999/11/30 v2.0
\@emptytoks=\toks36
\ex@=\dimen111
))
(/usr/pkg/share/texmf-dist/tex/latex/amsmath/amsbsy.sty
Package: amsbsy 1999/11/29 v1.2d
\pmbraise@=\dimen112
)
(/usr/pkg/share/texmf-dist/tex/latex/amsmath/amsopn.sty
Package: amsopn 1999/12/14 v2.01 operator names
)
\inf@bad=\count103
LaTeX Info: Redefining \frac on input line 210.
\uproot@=\count104
\leftroot@=\count105
LaTeX Info: Redefining \overline on input line 306.
\classnum@=\count106
\DOTSCASE@=\count107
LaTeX Info: Redefining \ldots on input line 378.
LaTeX Info: Redefining \dots on input line 381.
LaTeX Info: Redefining \cdots on input line 466.
\Mathstrutbox@=\box30
\strutbox@=\box31
\big@size=\dimen113
LaTeX Font Info:    Redeclaring font encoding OML on input line 566.
LaTeX Font Info:    Redeclaring font encoding OMS on input line 567.
\macc@depth=\count108
\c@MaxMatrixCols=\count109
\dotsspace@=\muskip11
\c@parentequation=\count110
\dspbrk@lvl=\count111
\tag@help=\toks37
\row@=\count112
\column@=\count113
\maxfields@=\count114
\andhelp@=\toks38
\eqnshift@=\dimen114
\alignsep@=\dimen115
\tagshift@=\dimen116
\tagwidth@=\dimen117
\totwidth@=\dimen118
\lineht@=\dimen119
\@envbody=\toks39
\multlinegap=\skip52
\multlinetaggap=\skip53
\mathdisplay@stack=\toks40
LaTeX Info: Redefining \[ on input line 2665.
LaTeX Info: Redefining \] on input line 2666.
)
(/usr/pkg/share/texmf-dist/tex/latex/xcolor/xcolor.sty
Package: xcolor 2007/01/21 v2.11 LaTeX color extensions (UK)

(/usr/pkg/share/texmf-dist/tex/latex/latexconfig/color.cfg
File: color.cfg 2007/01/18 v1.5 color configuration of teTeX/TeXLive
)
Package xcolor Info: Driver file: pdftex.def on input line 225.
LaTeX Info: Redefining \color on input line 702.
Package xcolor Info: Model `cmy' substituted by `cmy0' on input line 1337.
Package xcolor Info: Model `hsb' substituted by `rgb' on input line 1341.
Package xcolor Info: Model `RGB' extended on input line 1353.
Package xcolor Info: Model `HTML' substituted by `rgb' on input line 1355.
Package xcolor Info: Model `Hsb' substituted by `hsb' on input line 1356.
Package xcolor Info: Model `tHsb' substituted by `hsb' on input line 1357.
Package xcolor Info: Model `HSB' substituted by `hsb' on input line 1358.
Package xcolor Info: Model `Gray' substituted by `gray' on input line 1359.
Package xcolor Info: Model `wave' substituted by `hsb' on input line 1360.
)
\@float@every@fig=\toks41
\c@fig=\count115
 (./vuwproject.sty
(/usr/pkg/share/texmf-dist/tex/latex/psnfss/mathpazo.sty
Package: mathpazo 2005/04/12 PSNFSS-v9.2a Palatino w/ Pazo Math (D.Puga, WaS) 
\symupright=\mathgroup4
)
(/usr/pkg/share/texmf-dist/tex/latex/graphics/graphicx.sty
Package: graphicx 2014/10/28 v1.0g Enhanced LaTeX Graphics (DPC,SPQR)

(/usr/pkg/share/texmf-dist/tex/latex/graphics/graphics.sty
Package: graphics 2014/10/28 v1.0p Standard LaTeX Graphics (DPC,SPQR)

(/usr/pkg/share/texmf-dist/tex/latex/graphics/trig.sty
Package: trig 1999/03/16 v1.09 sin cos tan (DPC)
)
(/usr/pkg/share/texmf-dist/tex/latex/latexconfig/graphics.cfg
File: graphics.cfg 2010/04/23 v1.9 graphics configuration of TeX Live
)
Package graphics Info: Driver file: pdftex.def on input line 94.
)
\Gin@req@height=\dimen120
\Gin@req@width=\dimen121
)
VUW Honours reports modifications -- Mar 1995
Modified to handle different degrees 2003
Modified to handle duplex printing properly 2006
\@abstract=\box32
) (/usr/pkg/share/texmf-dist/tex/generic/ulem/ulem.sty
\UL@box=\box33
\UL@hyphenbox=\box34
\UL@skip=\skip54
\UL@hook=\toks42
\UL@height=\dimen122
\UL@pe=\count116
\UL@pixel=\dimen123
\ULC@box=\box35
Package: ulem 2012/05/18
\ULdepth=\dimen124
)
No file Diff.aux.
\openout1 = `Diff.aux'.

LaTeX Font Info:    Checking defaults for OML/cmm/m/it on input line 131.
LaTeX Font Info:    ... okay on input line 131.
LaTeX Font Info:    Checking defaults for T1/cmr/m/n on input line 131.
LaTeX Font Info:    ... okay on input line 131.
LaTeX Font Info:    Checking defaults for OT1/cmr/m/n on input line 131.
LaTeX Font Info:    ... okay on input line 131.
LaTeX Font Info:    Checking defaults for OMS/cmsy/m/n on input line 131.
LaTeX Font Info:    ... okay on input line 131.
LaTeX Font Info:    Checking defaults for OMX/cmex/m/n on input line 131.
LaTeX Font Info:    ... okay on input line 131.
LaTeX Font Info:    Checking defaults for U/cmr/m/n on input line 131.
LaTeX Font Info:    ... okay on input line 131.
LaTeX Font Info:    Try loading font information for OT1+ppl on input line 131.

(/usr/pkg/share/texmf-dist/tex/latex/psnfss/ot1ppl.fd
File: ot1ppl.fd 2001/06/04 font definitions for OT1/ppl.
)
\c@lstlisting=\count117

(/usr/pkg/share/texmf-dist/tex/context/base/supp-pdf.mkii
[Loading MPS to PDF converter (version 2006.09.02).]
\scratchcounter=\count118
\scratchdimen=\dimen125
\scratchbox=\box36
\nofMPsegments=\count119
\nofMParguments=\count120
\everyMPshowfont=\toks43
\MPscratchCnt=\count121
\MPscratchDim=\dimen126
\MPnumerator=\count122
\makeMPintoPDFobject=\count123
\everyMPtoPDFconversion=\toks44
) (/usr/pkg/share/texmf-dist/tex/generic/oberdiek/pdftexcmds.sty
Package: pdftexcmds 2011/11/29 v0.20 Utility functions of pdfTeX for LuaTeX (HO
)

(/usr/pkg/share/texmf-dist/tex/generic/oberdiek/ifluatex.sty
Package: ifluatex 2010/03/01 v1.3 Provides the ifluatex switch (HO)
Package ifluatex Info: LuaTeX not detected.
)
(/usr/pkg/share/texmf-dist/tex/generic/oberdiek/ifpdf.sty
Package: ifpdf 2011/01/30 v2.3 Provides the ifpdf switch (HO)
Package ifpdf Info: pdfTeX in PDF mode is detected.
)
Package pdftexcmds Info: LuaTeX not detected.
Package pdftexcmds Info: \pdf@primitive is available.
Package pdftexcmds Info: \pdf@ifprimitive is available.
Package pdftexcmds Info: \pdfdraftmode found.
)
(/usr/pkg/share/texmf-dist/tex/latex/oberdiek/epstopdf-base.sty
Package: epstopdf-base 2010/02/09 v2.5 Base part for package epstopdf

(/usr/pkg/share/texmf-dist/tex/latex/oberdiek/grfext.sty
Package: grfext 2010/08/19 v1.1 Manage graphics extensions (HO)

(/usr/pkg/share/texmf-dist/tex/generic/oberdiek/kvdefinekeys.sty
Package: kvdefinekeys 2011/04/07 v1.3 Define keys (HO)
))
(/usr/pkg/share/texmf-dist/tex/latex/oberdiek/kvoptions.sty
Package: kvoptions 2011/06/30 v3.11 Key value format for package options (HO)

(/usr/pkg/share/texmf-dist/tex/generic/oberdiek/kvsetkeys.sty
Package: kvsetkeys 2012/04/25 v1.16 Key value parser (HO)

(/usr/pkg/share/texmf-dist/tex/generic/oberdiek/etexcmds.sty
Package: etexcmds 2011/02/16 v1.5 Avoid name clashes with e-TeX commands (HO)
Package etexcmds Info: Could not find \expanded.
(etexcmds)             That can mean that you are not using pdfTeX 1.50 or
(etexcmds)             that some package has redefined \expanded.
(etexcmds)             In the latter case, load this package earlier.
)))
Package grfext Info: Graphics extension search list:
(grfext)             [.png,.pdf,.jpg,.mps,.jpeg,.jbig2,.jb2,.PNG,.PDF,.JPG,.JPE
G,.JBIG2,.JB2,.eps]
(grfext)             \AppendGraphicsExtensions on input line 452.

(/usr/pkg/share/texmf-dist/tex/latex/latexconfig/epstopdf-sys.cfg
File: epstopdf-sys.cfg 2010/07/13 v1.3 Configuration of (r)epstopdf for TeX Liv
e
))
<VUWlogo.png, id=1, 325.215pt x 152.10313pt>
File: VUWlogo.png Graphic file (type png)
 <use VUWlogo.png>
Package pdftex.def Info: VUWlogo.png used on input line 147.
(pdftex.def)             Requested size: 158.76663pt x 74.25731pt.
LaTeX Font Info:    Try loading font information for OML+zplm on input line 147
.

(/usr/pkg/share/texmf-dist/tex/latex/psnfss/omlzplm.fd
File: omlzplm.fd 2002/09/08 Fontinst v1.914 font definitions for OML/zplm.
)
LaTeX Font Info:    Try loading font information for OMS+zplm on input line 147
.

(/usr/pkg/share/texmf-dist/tex/latex/psnfss/omszplm.fd
File: omszplm.fd 2002/09/08 Fontinst v1.914 font definitions for OMS/zplm.
)
LaTeX Font Info:    Try loading font information for OMX+zplm on input line 147
.

(/usr/pkg/share/texmf-dist/tex/latex/psnfss/omxzplm.fd
File: omxzplm.fd 2002/09/08 Fontinst v1.914 font definitions for OMX/zplm.
)
LaTeX Font Info:    Try loading font information for OT1+zplm on input line 147
.

(/usr/pkg/share/texmf-dist/tex/latex/psnfss/ot1zplm.fd
File: ot1zplm.fd 2002/09/08 Fontinst v1.914 font definitions for OT1/zplm.
)
LaTeX Font Info:    Font shape `OT1/ppl/bx/n' in size <17.28> not available
(Font)              Font shape `OT1/ppl/b/n' tried instead on input line 147.
LaTeX Font Info:    Font shape `OT1/ppl/bx/n' in size <10.95> not available
(Font)              Font shape `OT1/ppl/b/n' tried instead on input line 147.
 [-1

{/var/lib/texmf/fonts/map/pdftex/updmap/pdftex.map} <./VUWlogo.png>] [0]
LaTeX Font Info:    Font shape `OT1/ppl/bx/n' in size <24.88> not available
(Font)              Font shape `OT1/ppl/b/n' tried instead on input line 149.

No file Diff.toc.
\tf@toc=\write3
\openout3 = `Diff.toc'.

[1


] [2

]
No file Diff.lof.
\tf@lof=\write4
\openout4 = `Diff.lof'.

[3] [4

]
No file Diff.lot.
\tf@lot=\write5
\openout5 = `Diff.lot'.

[5] [6

]
Chapter 1.
LaTeX Font Info:    Font shape `OT1/ppl/bx/n' in size <20.74> not available
(Font)              Font shape `OT1/ppl/b/n' tried instead on input line 163.

LaTeX Warning: Citation `jeffrey2005test' on page 1 undefined on input line 168
.


LaTeX Warning: Citation `issuetrack' on page 1 undefined on input line 171.


LaTeX Warning: Citation `whentotest' on page 1 undefined on input line 171.


LaTeX Warning: Citation `wong1995effect' on page 1 undefined on input line 179.



LaTeX Warning: Citation `wong1999test' on page 1 undefined on input line 179.


LaTeX Warning: Citation `rothermel1998empirical' on page 1 undefined on input l
ine 179.


LaTeX Warning: Citation `rothermel2002empirical' on page 1 undefined on input l
ine 179.


LaTeX Warning: Citation `koochakzadeh2009test' on page 1 undefined on input lin
e 179.


LaTeX Warning: Citation `zhang2011empirical' on page 1 undefined on input line 
179.


LaTeX Warning: Citation `li2008static' on page 1 undefined on input line 179.


LaTeX Warning: Reference `fig:spectra' on page 1 undefined on input line 182.

<spectra.png, id=32, 355.3275pt x 143.78719pt>
File: spectra.png Graphic file (type png)
 <use spectra.png>
Package pdftex.def Info: spectra.png used on input line 186.
(pdftex.def)             Requested size: 170.71791pt x 85.36026pt.


LaTeX Warning: `h' float specifier changed to `ht'.

[1

]

LaTeX Warning: Reference `S:metrics' on page 2 undefined on input line 199.


Overfull \hbox (34.82533pt too wide) in paragraph at lines 198--201
[]|   []   |   []   |   []   |   []   |   []   |   []   |   []   |   []   |   [
]   |   []   |   []   |   []
 []


Underfull \vbox (badness 1975) has occurred while \output is active []

 [2 <./spectra.png>]
LaTeX Font Info:    Try loading font information for OMS+ppl on input line 205.

 (/usr/pkg/share/texmf-dist/tex/latex/psnfss/omsppl.fd
File: omsppl.fd 
)
LaTeX Font Info:    Font shape `OMS/ppl/m/n' in size <10.95> not available
(Font)              Font shape `OMS/cmsy/m/n' tried instead on input line 205.
 [3] [4

]
Chapter 2.
LaTeX Font Info:    Font shape `OT1/ppl/bx/n' in size <14.4> not available
(Font)              Font shape `OT1/ppl/b/n' tried instead on input line 215.

LaTeX Warning: Reference `C:workdone' on page 5 undefined on input line 225.


LaTeX Warning: Citation `aspectwiki' on page 5 undefined on input line 244.


Overfull \hbox (4.9481pt too wide) in paragraph at lines 252--254
|   []   |   []   |   []   |   []   |   []   |   []   |   []   |   []   |   [] 
  |   []   |   []   |   []   |   []   |   []   |   []
 []


LaTeX Warning: Citation `georges2007statistically' on page 5 undefined on input
 line 263.


LaTeX Warning: Citation `blackburn2008wake' on page 5 undefined on input line 2
63.

[5] [6]
Chapter 2.

Overfull \hbox (3.01038pt too wide) in paragraph at lines 268--278
|   []   |   []   |   []   |   []   |   []   |   []   |   []   |   []   |   [] 
  |   []   []\OT1/ppl/m/n/10.95 the []|   []   |   []   |   []   |   []   |   [
]
 []

LaTeX Font Info:    Font shape `OT1/ppl/bx/n' in size <12> not available
(Font)              Font shape `OT1/ppl/b/n' tried instead on input line 287.

LaTeX Warning: Citation `chaos' on page 7 undefined on input line 288.


LaTeX Warning: Citation `wong1995effect' on page 7 undefined on input line 288.



LaTeX Warning: Citation `wong1999test' on page 7 undefined on input line 288.


LaTeX Warning: Citation `rothermel1998empirical' on page 7 undefined on input l
ine 288.


LaTeX Warning: Citation `rothermel2002empirical' on page 7 undefined on input l
ine 288.


LaTeX Warning: Citation `koochakzadeh2009test' on page 7 undefined on input lin
e 288.


LaTeX Warning: Citation `zhang2011empirical' on page 7 undefined on input line 
288.


LaTeX Warning: Citation `li2008static' on page 7 undefined on input line 288.


LaTeX Warning: Citation `wong1995effect' on page 7 undefined on input line 290.



LaTeX Warning: Citation `wong1999test' on page 7 undefined on input line 290.


LaTeX Warning: Citation `rothermel1998empirical' on page 7 undefined on input l
ine 290.


LaTeX Warning: Citation `rothermel2002empirical' on page 7 undefined on input l
ine 290.

[7

]

LaTeX Warning: Citation `koochakzadeh2009test' on page 8 undefined on input lin
e 292.


LaTeX Warning: Reference `fig:venndiagram' on page 8 undefined on input line 29
2.


LaTeX Warning: Reference `fig:venndiagram' on page 8 undefined on input line 29
2.

<VennDiagram.png, id=59, 502.87875pt x 304.13625pt>
File: VennDiagram.png Graphic file (type png)
 <use VennDiagram.png>
Package pdftex.def Info: VennDiagram.png used on input line 298.
(pdftex.def)             Requested size: 284.52603pt x 170.71887pt.


LaTeX Warning: Citation `zhang2011empirical' on page 8 undefined on input line 
304.


LaTeX Warning: Citation `harrold1993methodology' on page 8 undefined on input l
ine 304.

[8 <./VennDiagram.png>]

LaTeX Warning: Citation `li2008static' on page 9 undefined on input line 306.


LaTeX Warning: Citation `koochakzadeh2009test' on page 9 undefined on input lin
e 306.


LaTeX Warning: Citation `li2008static' on page 9 undefined on input line 310.


LaTeX Warning: Citation `graham1982gprof' on page 9 undefined on input line 318
.


LaTeX Warning: Citation `Zhuang06accurate' on page 9 undefined on input line 31
8.


LaTeX Warning: Reference `fig:callgraph' on page 9 undefined on input line 318.


[9] <CallGraph.png, id=67, 685.56125pt x 464.73625pt>
File: CallGraph.png Graphic file (type png)
 <use CallGraph.png>
Package pdftex.def Info: CallGraph.png used on input line 322.
(pdftex.def)             Requested size: 441.01772pt x 298.969pt.


LaTeX Warning: Citation `navarro2001guided' on page 10 undefined on input line 
330.


LaTeX Warning: Citation `cohen2003comparison' on page 10 undefined on input lin
e 330.


LaTeX Warning: Citation `monge1997efficient' on page 10 undefined on input line
 330.


LaTeX Warning: Citation `levenshtein1966binary' on page 10 undefined on input l
ine 330.

[10 <./CallGraph.png>]

LaTeX Warning: Reference `levenTable' on page 11 undefined on input line 333.


LaTeX Warning: Reference `mongeTable' on page 11 undefined on input line 349.


LaTeX Warning: Citation `wilcoxon1945individual' on page 11 undefined on input 
line 373.


LaTeX Warning: Citation `nonparametric' on page 11 undefined on input line 373.



LaTeX Warning: Citation `mcdonald2009handbook' on page 11 undefined on input li
ne 373.

[11] [12

]
Chapter 3.

LaTeX Warning: Reference `C:intro' on page 13 undefined on input line 394.


LaTeX Warning: Reference `fig:pipeline' on page 13 undefined on input line 407.



LaTeX Warning: Citation `georges2007statistically' on page 13 undefined on inpu
t line 414.


LaTeX Warning: Citation `blackburn2008wake' on page 13 undefined on input line 
414.

[13]
Overfull \hbox (4.23615pt too wide) in paragraph at lines 418--419
[][]|   []   |   []   |   []   |   [][] []|   []   |   []   |   []   |   []   |
   []   |   []   |   []   |   []   |   []   |   []   |   []
 []

[14] [15] [16

]
Chapter 3.

LaTeX Warning: Reference `C:intro' on page 17 undefined on input line 473.

[17]

LaTeX Warning: Citation `aspectj' on page 18 undefined on input line 500.


LaTeX Warning: Reference `C:related' on page 18 undefined on input line 500.


LaTeX Warning: Reference `parameterTrace' on page 18 undefined on input line 50
2.


LaTeX Warning: Reference `fig:aspectused' on page 18 undefined on input line 50
4.


LaTeX Warning: Reference `relatedworkRef' on page 18 undefined on input line 51
4.


Overfull \hbox (0.14082pt too wide) in paragraph at lines 514--515
|   []   |   []   |   []   |   []   |   []   |   []   |   []   |   []   |   [] 
  |   []   |   []   |   []   |   []   |   []
 []

[18] <aspect.png, id=99, 617.30624pt x 173.14688pt>
File: aspect.png Graphic file (type png)
 <use aspect.png>
Package pdftex.def Info: aspect.png used on input line 527.
(pdftex.def)             Requested size: 441.01772pt x 123.70396pt.


LaTeX Warning: Reference `C:intro' on page 19 undefined on input line 535.


LaTeX Warning: Reference `S:framework' on page 19 undefined on input line 539.


LaTeX Warning: Reference `pipelinesection' on page 19 undefined on input line 5
39.

[19 <./aspect.png>]

LaTeX Warning: Citation `callingcontext' on page 20 undefined on input line 553
.


LaTeX Warning: Citation `Zhuang06accurate' on page 20 undefined on input line 5
56.


LaTeX Warning: Citation `monge1997efficient' on page 20 undefined on input line
 574.


LaTeX Warning: Citation `levenshtein1966binary' on page 20 undefined on input l
ine 574.


LaTeX Warning: Reference `C:related' on page 20 undefined on input line 574.


LaTeX Warning: Reference `editdistbg' on page 20 undefined on input line 574.


LaTeX Warning: Citation `monge1997efficient' on page 20 undefined on input line
 577.


LaTeX Warning: Citation `levenshtein1966binary' on page 20 undefined on input l
ine 580.

[20]

LaTeX Warning: Reference `fig:mongevleven' on page 21 undefined on input line 5
83.

<MongeVLeven.png, id=106, 514.92375pt x 263.98625pt>
File: MongeVLeven.png Graphic file (type png)
 <use MongeVLeven.png>
Package pdftex.def Info: MongeVLeven.png used on input line 589.
(pdftex.def)             Requested size: 441.01772pt x 226.1013pt.


LaTeX Warning: Reference `levenTable' on page 21 undefined on input line 595.

[21 <./MongeVLeven.png>]

LaTeX Warning: Reference `fig:pipeline' on page 22 undefined on input line 598.



Overfull \hbox (5.24304pt too wide) in paragraph at lines 606--608
 [] |   []   |   []   []\OT1/ppl/m/n/10.95 1[]|   []   |   []   |   []   |   []
   |   []   |   []   |   []   |   []   |   []   |   []   |   []
 []

<Pipeline.jpg, id=111, 795.97375pt x 83.31125pt>
File: Pipeline.jpg Graphic file (type jpg)
 <use Pipeline.jpg>
Package pdftex.def Info: Pipeline.jpg used on input line 615.
(pdftex.def)             Requested size: 441.01772pt x 46.15945pt.
 [22 <./Pipeline.jpg>]

LaTeX Warning: Citation `oraclereflection' on page 23 undefined on input line 6
61.


Overfull \hbox (6.67783pt too wide) in paragraph at lines 664--665
|   []   |   []   |   []   |   []   |   []   |   []   |   []   |   []   |   [] 
  |   []   |   []   |   []   |   []
 []


LaTeX Warning: Citation `koochakzadeh2009test' on page 23 undefined on input li
ne 667.


LaTeX Warning: Citation `li2008static' on page 23 undefined on input line 667.


LaTeX Warning: Reference `fig:weightingdiagram' on page 23 undefined on input l
ine 668.

[23]
Overfull \hbox (9.06526pt too wide) in paragraph at lines 673--675
|   []   |   []   |   []   |   []   |   []   |   []   |   []   |   []   |   [] 
  |   []   |   []   |   []   |   []   |   []   |   []   |   []
 []

<weightingdiagram.png, id=120, 484.81125pt x 223.83624pt>
File: weightingdiagram.png Graphic file (type png)

<use weightingdiagram.png>
Package pdftex.def Info: weightingdiagram.png used on input line 677.
(pdftex.def)             Requested size: 398.36153pt x 170.72185pt.
 [24 <./weightingdiagram.png>]
Chapter 4.

LaTeX Warning: Citation `wilcoxon1945individual' on page 25 undefined on input 
line 689.


LaTeX Warning: Reference `C:intro' on page 25 undefined on input line 691.


LaTeX Warning: Reference `performanceEvalBG' on page 25 undefined on input line
 695.

[25

]

LaTeX Warning: Reference `C:related' on page 26 undefined on input line 703.


LaTeX Warning: Citation `oracle2015' on page 26 undefined on input line 712.


LaTeX Warning: Reference `large_test' on page 26 undefined on input line 718.


LaTeX Warning: Reference `small_test' on page 26 undefined on input line 718.

[26]

LaTeX Warning: No positions in optional float specifier.
               Default added (so using `tbp') on input line 722.


LaTeX Warning: No positions in optional float specifier.
               Default added (so using `tbp') on input line 738.


LaTeX Warning: Reference `pipelinesig' on page 27 undefined on input line 773.

[27]

LaTeX Warning: Reference `fig:pipelinegraph' on page 28 undefined on input line
 775.

<Pipeline.png, id=134, 505.89pt x 505.89pt>
File: Pipeline.png Graphic file (type png)
 <use Pipeline.png>
Package pdftex.def Info: Pipeline.png used on input line 795.
(pdftex.def)             Requested size: 412.57072pt x 284.53154pt.


LaTeX Warning: Reference `fig:pipelinegraph' on page 28 undefined on input line
 803.


LaTeX Warning: Reference `fig:pipelinegraph' on page 28 undefined on input line
 803.

[28 <./Pipeline.png (PNG copy)>]

LaTeX Warning: Reference `fig:pipelinecomp' on page 29 undefined on input line 
807.

<PipelineComp.png, id=138, 775.89874pt x 314.17375pt>
File: PipelineComp.png Graphic file (type png)
 <use PipelineComp.png>
Package pdftex.def Info: PipelineComp.png used on input line 813.
(pdftex.def)             Requested size: 441.02376pt x 227.61911pt.


LaTeX Warning: `h' float specifier changed to `ht'.


LaTeX Warning: Reference `fig:kdepthgraph' on page 29 undefined on input line 8
35.


LaTeX Warning: Reference `fig:kdepthtime' on page 29 undefined on input line 83
5.

[29] <KDepth.png, id=143, 505.89pt x 505.89pt>
File: KDepth.png Graphic file (type png)
 <use KDepth.png>
Package pdftex.def Info: KDepth.png used on input line 839.
(pdftex.def)             Requested size: 412.57072pt x 284.53154pt.


LaTeX Warning: `h' float specifier changed to `ht'.


LaTeX Warning: Reference `fig:kdepthgraph' on page 30 undefined on input line 8
48.


LaTeX Warning: Reference `sec:pipelineEva' on page 30 undefined on input line 8
48.


LaTeX Warning: Reference `fig:kdepthtime' on page 30 undefined on input line 85
0.

[30 <./PipelineComp.png>]

LaTeX Warning: Reference `parametersig' on page 31 undefined on input line 874.


[31 <./KDepth.png (PNG copy)>] <Parameters.png, id=151, 505.89pt x 505.89pt>
File: Parameters.png Graphic file (type png)

<use Parameters.png>
Package pdftex.def Info: Parameters.png used on input line 894.
(pdftex.def)             Requested size: 412.57072pt x 284.53154pt.
 [32 <./Parameters.png (PNG copy)>]

LaTeX Warning: Reference `fig:paramtime' on page 33 undefined on input line 903
.


LaTeX Warning: Reference `fig:paramgraph' on page 33 undefined on input line 90
5.


LaTeX Warning: Reference `fig:paramtime' on page 33 undefined on input line 905
.


LaTeX Warning: Reference `kdepthcomp' on page 33 undefined on input line 905.


LaTeX Warning: Reference `fig:paramgraph' on page 33 undefined on input line 90
7.


LaTeX Warning: Reference `kdepthcomp' on page 33 undefined on input line 907.


LaTeX Warning: Reference `whileycoding' on page 33 undefined on input line 907.



LaTeX Warning: Reference `metriccoding' on page 33 undefined on input line 907.



LaTeX Warning: Reference `weightingsig' on page 33 undefined on input line 931.


[33] <Weighting.png, id=159, 505.89pt x 505.89pt>
File: Weighting.png Graphic file (type png)
 <use Weighting.png>
Package pdftex.def Info: Weighting.png used on input line 954.
(pdftex.def)             Requested size: 412.57072pt x 284.53154pt.


LaTeX Warning: Reference `C:related' on page 34 undefined on input line 961.


Underfull \vbox (badness 10000) has occurred while \output is active []

 [34 <./Weighting.png (PNG copy)>]

LaTeX Warning: Reference `weightingsig' on page 35 undefined on input line 963.



LaTeX Warning: Reference `fig:weighttime' on page 35 undefined on input line 96
3.


LaTeX Warning: Citation `koochakzadeh2009test' on page 35 undefined on input li
ne 965.


LaTeX Warning: Citation `li2008static' on page 35 undefined on input line 965.


LaTeX Warning: Reference `whileycoding' on page 35 undefined on input line 965.



LaTeX Warning: Reference `metriccoding' on page 35 undefined on input line 965.


[35]

LaTeX Warning: Reference `weightingparamsig' on page 36 undefined on input line
 985.


LaTeX Warning: Reference `fig:weightingparamgraph' on page 36 undefined on inpu
t line 985.

<WeightNParamVAll.png, id=167, 505.89pt x 505.89pt>
File: WeightNParamVAll.png Graphic file (type png)
 <use WeightNParamVAll.png>
Package pdftex.def Info: WeightNParamVAll.png used on input line 1006.
(pdftex.def)             Requested size: 412.57072pt x 284.53154pt.


LaTeX Warning: `h' float specifier changed to `ht'.


LaTeX Warning: Reference `fig:weightingparamgraph' on page 36 undefined on inpu
t line 1013.


LaTeX Warning: Reference `whileycoding' on page 36 undefined on input line 1013
.


LaTeX Warning: Reference `metriccoding' on page 36 undefined on input line 1013
.


LaTeX Warning: Reference `weightingparamsig' on page 36 undefined on input line
 1015.


LaTeX Warning: Reference `sec:param' on page 36 undefined on input line 1015.


LaTeX Warning: Reference `fig:weightparamvparamtime' on page 36 undefined on in
put line 1015.

[36]
Overfull \hbox (28.61833pt too wide) in paragraph at lines 1022--1036
 [][] 
 []


LaTeX Warning: `h' float specifier changed to `ht'.


LaTeX Warning: No positions in optional float specifier.
               Default added (so using `tbp') on input line 1041.


Overfull \hbox (37.59717pt too wide) in paragraph at lines 1043--1055
 [][] 
 []

[37 <./WeightNParamVAll.png (PNG copy)>] [38]
Chapter 5.

LaTeX Warning: Reference `sec:crit' on page 39 undefined on input line 1063.


LaTeX Warning: Citation `li2008static' on page 39 undefined on input line 1063.



LaTeX Warning: Citation `koochakzadeh2009test' on page 39 undefined on input li
ne 1063.


LaTeX Warning: Reference `sec:pipelineEva' on page 39 undefined on input line 1
065.


Underfull \hbox (badness 10000) in paragraph at lines 1067--1070

 []

[39

]

LaTeX Warning: Reference `whileycoding' on page 40 undefined on input line 1098
.


LaTeX Warning: Reference `metriccoding' on page 40 undefined on input line 1098
.

[40]

LaTeX Warning: Reference `fig:weightparamtime' on page 41 undefined on input li
ne 1111.

[41]

LaTeX Warning: Reference `C:related' on page 42 undefined on input line 1136.


LaTeX Warning: Reference `sec:pipelineEva' on page 42 undefined on input line 1
138.

[42] [43


] [44]
Appendix A.
<PipelineTime.png, id=197, 505.89pt x 505.89pt>
File: PipelineTime.png Graphic file (type png)
 <use PipelineTime.png>
Package pdftex.def Info: PipelineTime.png used on input line 1143.
(pdftex.def)             Requested size: 441.02388pt x 369.891pt.

Appendix B.

LaTeX Warning: `h' float specifier changed to `ht'.

[45

] [46

 <./PipelineTime.png (PNG copy)>]
Appendix B.
<KDepthTime.png, id=204, 505.89pt x 505.89pt>
File: KDepthTime.png Graphic file (type png)
 <use KDepthTime.png>
Package pdftex.def Info: KDepthTime.png used on input line 1168.
(pdftex.def)             Requested size: 441.02388pt x 369.891pt.
 [47

 <./KDepthTime.png (PNG copy)>] [48

]
Appendix C.
<ParamTime.png, id=212, 505.89pt x 505.89pt>
File: ParamTime.png Graphic file (type png)
 <use ParamTime.png>
Package pdftex.def Info: ParamTime.png used on input line 1176.
(pdftex.def)             Requested size: 441.02388pt x 369.891pt.
 [49 <./ParamTime.png (PNG copy)>] [50

]
Appendix D.
<WeightTime.png, id=219, 505.89pt x 505.89pt>
File: WeightTime.png Graphic file (type png)
 <use WeightTime.png>
Package pdftex.def Info: WeightTime.png used on input line 1184.
(pdftex.def)             Requested size: 441.02388pt x 369.891pt.
 [51 <./WeightTime.png (PNG copy)>] [52

]
Appendix E.
<WeightnParamTime.png, id=226, 505.89pt x 505.89pt>
File: WeightnParamTime.png Graphic file (type png)
 <use WeightnParamTime.png>
Package pdftex.def Info: WeightnParamTime.png used on input line 1192.
(pdftex.def)             Requested size: 441.02388pt x 369.891pt.

[53 <./WeightnParamTime.png (PNG copy)>] [54

]
Appendix F.
<WeightnParamvParamTime.png, id=234, 505.89pt x 505.89pt>
File: WeightnParamvParamTime.png Graphic file (type png)

<use WeightnParamvParamTime.png>
Package pdftex.def Info: WeightnParamvParamTime.png used on input line 1200.
(pdftex.def)             Requested size: 441.02388pt x 369.891pt.
 [55 <./WeightnParamvParamTime.png (PNG copy)>] [56

]
No file Diff.bbl.
\tf@thm=\write6
\openout6 = `Diff.thm'.

(./Diff.aux)

LaTeX Warning: There were undefined references.


LaTeX Warning: Label(s) may have changed. Rerun to get cross-references right.

 ) 
Here is how much of TeX's memory you used:
 4812 strings out of 493918
 65242 string characters out of 6158781
 191739 words of memory out of 5000000
 7966 multiletter control sequences out of 15000+600000
 29765 words of font info for 75 fonts, out of 8000000 for 9000
 774 hyphenation exceptions out of 8191
 38i,10n,35p,2469b,277s stack positions out of 5000i,500n,10000p,200000b,80000s
{/usr/pkg/share/texmf-dist/fonts/enc/dvips/base/8r.enc}</usr/pkg/share/texmf-
dist/fonts/type1/public/amsfonts/cm/cmmi10.pfb></usr/pkg/share/texmf-dist/fonts
/type1/public/amsfonts/cm/cmr10.pfb></usr/pkg/share/texmf-dist/fonts/type1/publ
ic/amsfonts/cm/cmsy10.pfb></usr/pkg/share/texmf-dist/fonts/type1/public/amsfont
s/latxfont/lasy6.pfb></usr/pkg/share/texmf-dist/fonts/type1/urw/palatino/uplb8a
.pfb></usr/pkg/share/texmf-dist/fonts/type1/urw/palatino/uplr8a.pfb></usr/pkg/s
hare/texmf-dist/fonts/type1/urw/palatino/uplri8a.pfb>
Output written on Diff.pdf (64 pages, 949885 bytes).
PDF statistics:
 268 PDF objects out of 1000 (max. 8388607)
 166 compressed objects within 2 object streams
 0 named destinations out of 1000 (max. 500000)
 101 words of extra memory for PDF output out of 10000 (max. 10000000)

